[2025-12-02 22:54:09] Starting one-click analysis for URL: https://www.youtube.com/watch?v=gTsUqDrnmaA&t=157s
[2025-12-02 22:54:09] Settings – max_chunks=2, max_claims=0, top_k=5
[2025-12-02 22:54:09] Step 1/4 – ingest_youtube() starting.
[2025-12-02 22:54:19] Step 1/4 – ingest_youtube() completed successfully.
[2025-12-02 22:54:19] Using audio_path=C:\Users\lukmaan\Msc_in_AI\FATCR\data\processed\ee8a7cfb_16k_mono.wav (run_id=ee8a7cfb).
[2025-12-02 22:54:19] Step 2/4 – transcribe_audio() starting.
[2025-12-02 23:16:00] Step 2/4 – transcription complete: 203 utterances, duration=576.0058125s.
[2025-12-02 23:16:00] Step 3/4 – extract_claims() starting (max_chunks=2).
[2025-12-02 23:16:21] Step 3/4 – extract_claims() complete: 19 claims, chunks=2.
[2025-12-02 23:16:21] Step 4/4 – verify_claims() starting (max_claims=None, top_k=5).
[2025-12-02 23:17:32] Step 4/4 – verify_claims() complete: 19 verifications.
[2025-12-02 23:17:32] One-click analysis finished successfully.
[2025-12-03 23:49:13] Starting one-click analysis for URL: https://www.youtube.com/watch?v=jxtG9WvPdf0
[2025-12-03 23:49:13] Settings – max_chunks=2, max_claims=0, top_k=5
[2025-12-03 23:49:13] Step 1/4 – ingest_youtube() starting.
[2025-12-03 23:49:21] Step 1/4 – ingest_youtube() completed successfully.
[2025-12-03 23:49:21] Using audio_path=C:\Users\lukmaan\Msc_in_AI\FATCR\data\processed\142487d8_16k_mono.wav (run_id=142487d8).
[2025-12-03 23:49:21] Step 2/4 – transcribe_audio() starting.
[2025-12-03 23:57:38] Step 2/4 – transcription complete: 47 utterances, duration=120.4186875s.
[2025-12-03 23:57:38] Step 3/4 – extract_claims() starting (max_chunks=2).
[2025-12-03 23:57:49] Step 3/4 – extract_claims() complete: 9 claims, chunks=1.
[2025-12-03 23:57:49] Step 4/4 – verify_claims() starting (max_claims=None, top_k=5).
[2025-12-03 23:58:30] Step 4/4 – verify_claims() complete: 9 verifications.
[2025-12-03 23:58:30] One-click analysis finished successfully.
[2025-12-04 00:03:54] Starting one-click analysis for URL: https://www.youtube.com/watch?v=jxtG9WvPdf0
[2025-12-04 00:03:54] Settings – max_chunks=2, max_claims=5, top_k=5
[2025-12-04 00:03:54] Step 1/4 – ingest_youtube() starting.
[2025-12-04 00:04:03] Step 1/4 – ingest_youtube() completed successfully.
[2025-12-04 00:04:03] Using audio_path=C:\Users\lukmaan\Msc_in_AI\FATCR\data\processed\02d8ba90_16k_mono.wav (run_id=02d8ba90).
[2025-12-04 00:04:03] Step 2/4 – transcribe_audio() starting.
[2025-12-04 00:12:38] Step 2/4 – transcription complete: 48 utterances, duration=120.4186875s.
[2025-12-04 00:12:38] Step 3/4 – extract_claims() starting (max_chunks=2).
[2025-12-04 00:12:49] Step 3/4 – extract_claims() complete: 10 claims, chunks=1.
[2025-12-04 00:12:49] Step 4/4 – verify_claims() starting (max_claims=5, top_k=5).
[2025-12-04 00:13:13] Step 4/4 – verify_claims() complete: 5 verifications.
[2025-12-04 00:13:13] One-click analysis finished successfully.
[2025-12-04 00:16:40] Starting one-click analysis for URL: https://www.youtube.com/watch?v=jxtG9WvPdf0
[2025-12-04 00:16:40] Settings – max_chunks=2, max_claims=0, top_k=5
[2025-12-04 00:16:40] Step 1/4 – ingest_youtube() starting.
[2025-12-04 00:16:49] Step 1/4 – ingest_youtube() completed successfully.
[2025-12-04 00:16:49] Using audio_path=C:\Users\lukmaan\Msc_in_AI\FATCR\data\processed\c3334e70_16k_mono.wav (run_id=c3334e70).
[2025-12-04 00:16:49] Step 2/4 – transcribe_audio() starting.
[2025-12-04 00:24:44] Step 2/4 – transcription complete: 46 utterances, duration=120.4186875s.
[2025-12-04 00:24:44] Step 3/4 – extract_claims() starting (max_chunks=2).
[2025-12-04 00:24:51] Step 3/4 – extract_claims() complete: 7 claims, chunks=1.
[2025-12-04 00:24:51] Step 4/4 – verify_claims() starting (max_claims=None, top_k=5).
[2025-12-04 00:25:21] Step 4/4 – verify_claims() complete: 7 verifications.
[2025-12-04 00:25:21] One-click analysis finished successfully.
[2025-12-07 22:00:57] Starting one-click analysis for URL: https://youtu.be/jxtG9WvPdf0
[2025-12-07 22:00:57] Settings – max_chunks=2, max_claims=5, top_k=5
[2025-12-07 22:00:57] Step 1/4 – ingest_youtube() starting.
[2025-12-07 22:01:06] Step 1/4 – ingest_youtube() completed successfully.
[2025-12-07 22:01:06] Using audio_path=C:\Users\lukmaan\Msc_in_AI\FATCR\data\processed\fc28cbe6_16k_mono.wav (run_id=fc28cbe6).
[2025-12-07 22:01:06] Step 2/4 – transcribe_audio() starting.
[2025-12-07 22:05:55] Step 2/4 – transcription complete: 33 utterances, duration=120.4186875s.
[2025-12-07 22:05:55] Step 3/4 – extract_claims() starting (max_chunks=2).
[2025-12-07 22:06:11] Step 3/4 – extract_claims() complete: 5 claims, chunks=1.
[2025-12-07 22:06:11] Step 4/4 – verify_claims() starting (max_claims=5, top_k=5).
[2025-12-07 22:06:34] Step 4/4 – verify_claims() complete: 5 verifications.
[2025-12-07 22:06:34] One-click analysis finished successfully.
[2025-12-07 23:28:18] Starting one-click analysis for URL: https://youtu.be/jxtG9WvPdf0
[2025-12-07 23:28:18] Settings – max_chunks=2, max_claims=5, top_k=5
[2025-12-07 23:28:18] Step 1/4 – ingest_youtube() starting.
[2025-12-07 23:28:25] Step 1/4 – ingest_youtube() completed successfully.
[2025-12-07 23:28:25] Using audio_path=C:\Users\lukmaan\Msc_in_AI\FATCR\data\processed\5a7a26f0_16k_mono.wav (run_id=5a7a26f0).
[2025-12-07 23:28:25] Step 2/4 – transcribe_audio() starting.
[2025-12-07 23:39:07] Step 2/4 – transcription complete: 46 utterances, duration=120.4186875s.
[2025-12-07 23:39:07] Step 3/4 – extract_claims() starting (max_chunks=2).
[2025-12-07 23:39:16] Step 3/4 – extract_claims() complete: 10 claims, chunks=1.
[2025-12-07 23:39:16] Step 4/4 – verify_claims() starting (max_claims=5, top_k=5).
[2025-12-07 23:39:41] Step 4/4 – verify_claims() complete: 5 verifications.
[2025-12-07 23:39:41] One-click analysis finished successfully.
[2025-12-08 00:24:29] Starting one-click analysis for URL: https://youtu.be/jxtG9WvPdf0
[2025-12-08 00:24:29] Settings – max_chunks=2, max_claims=5, top_k=5
[2025-12-08 00:24:29] Step 1/4 – ingest_youtube() starting.
[2025-12-08 00:24:38] Step 1/4 – ingest_youtube() completed successfully.
[2025-12-08 00:24:38] Using audio_path=C:\Users\lukmaan\Msc_in_AI\FATCR\data\processed\916c1155_16k_mono.wav (run_id=916c1155).
[2025-12-08 00:24:38] Step 2/4 – transcribe_audio() starting.
[2025-12-08 00:33:33] Step 2/4 – transcription complete: 43 utterances, duration=120.4186875s.
[2025-12-08 00:33:33] Step 3/4 – extract_claims() starting (max_chunks=2).
[2025-12-08 00:33:43] Step 3/4 – extract_claims() complete: 8 claims, chunks=1.
[2025-12-08 00:33:43] Step 4/4 – verify_claims() starting (max_claims=5, top_k=5).
[2025-12-08 00:34:05] Step 4/4 – verify_claims() complete: 5 verifications.
[2025-12-08 00:34:05] One-click analysis finished successfully.
[2025-12-08 10:27:20] Starting one-click analysis for URL: https://youtu.be/jxtG9WvPdf0
[2025-12-08 10:27:20] Settings – max_chunks=2, max_claims=5, top_k=5
[2025-12-08 10:27:20] Step 1/4 – ingest_youtube() starting.
[2025-12-08 10:27:28] Step 1/4 – ingest_youtube() completed successfully.
[2025-12-08 10:27:28] Using audio_path=C:\Users\lukmaan\Msc_in_AI\FATCR\data\processed\b96aabf4_16k_mono.wav (run_id=b96aabf4).
[2025-12-08 10:27:28] Step 2/4 – transcribe_audio() starting.
[2025-12-08 11:40:31] Starting one-click analysis for URL: https://www.youtube.com/watch?v=gTsUqDrnmaA&t=159s
[2025-12-08 11:40:31] Settings – max_chunks=2, max_claims=0, top_k=5
[2025-12-08 11:40:31] Step 1/4 – ingest_youtube() starting.
[2025-12-08 11:40:40] Step 1/4 – ingest_youtube() completed successfully.
[2025-12-08 11:40:40] Using audio_path=C:\Users\lukmaan\Msc_in_AI\FATCR\data\processed\337b3458_16k_mono.wav (run_id=337b3458).
[2025-12-08 11:40:40] Step 2/4 – transcribe_audio() starting.
[2025-12-08 11:58:11] Step 2/4 – transcription complete: 203 utterances, duration=576.0058125s.
[2025-12-08 11:58:11] Step 3/4 – extract_claims() starting (max_chunks=2).
[2025-12-08 11:58:35] Step 3/4 – extract_claims() complete: 20 claims, chunks=2.
[2025-12-08 11:58:35] Step 4/4 – verify_claims() starting (max_claims=None, top_k=5).
[2025-12-08 11:59:51] Step 4/4 – verify_claims() complete: 20 verifications.
[2025-12-08 11:59:51] One-click analysis finished successfully.
[2025-12-10 23:15:42] Starting one-click analysis for URL: https://www.youtube.com/watch?v=Zj28d9ITAu0
[2025-12-10 23:15:42] Settings – max_chunks=0, max_claims=0, top_k=10
[2025-12-10 23:15:42] Step 1/4 – ingest_youtube() starting.
[2025-12-10 23:15:54] Step 1/4 – ingest_youtube() completed successfully.
[2025-12-10 23:15:54] Using audio_path=C:\Users\lukmaan\Msc_in_AI\FATCR\data\processed\d8bf1cca_16k_mono.wav (run_id=d8bf1cca).
[2025-12-10 23:15:54] Step 2/4 – transcribe_audio() starting.
[2025-12-11 00:14:34] Step 2/4 – transcription complete: 530 utterances, duration=1465.152s.
[2025-12-11 00:14:34] Step 3/4 – extract_claims() starting (max_chunks=None).
[2025-12-11 00:16:30] Step 3/4 – extract_claims() complete: 91 claims, chunks=11.
[2025-12-11 00:16:30] Step 4/4 – verify_claims() starting (max_claims=None, top_k=10).
[2025-12-11 00:21:55] Step 4/4 – verify_claims() complete: 91 verifications.
[2025-12-11 00:21:55] One-click analysis finished successfully.
[2025-12-11 11:56:11] Starting one-click analysis for URL: https://www.youtube.com/watch?v=W6qxgznMcnE&t=95s
[2025-12-11 11:56:11] Settings – max_chunks=0, max_claims=0, top_k=10
[2025-12-11 11:56:11] Step 1/4 – ingest_youtube() starting.
[2025-12-11 11:56:24] Step 1/4 – ingest_youtube() completed successfully.
[2025-12-11 11:56:24] Using audio_path=C:\Users\lukmaan\Msc_in_AI\FATCR\data\processed\5ccebace_16k_mono.wav (run_id=5ccebace).
[2025-12-11 11:56:24] Step 2/4 – transcribe_audio() starting.
[2025-12-11 12:53:50] Step 2/4 – transcription complete: 754 utterances, duration=1155.6339375s.
[2025-12-11 12:53:50] Step 3/4 – extract_claims() starting (max_chunks=None).
[2025-12-11 12:55:34] Step 3/4 – extract_claims() complete: 89 claims, chunks=12.
[2025-12-11 12:55:34] Step 4/4 – verify_claims() starting (max_claims=None, top_k=10).
[2025-12-11 13:01:17] Step 4/4 – verify_claims() complete: 89 verifications.
[2025-12-11 13:01:17] One-click analysis finished successfully.
[2025-12-11 18:17:45] Starting one-click analysis for URL: https://www.youtube.com/watch?v=W6qxgznMcnE&t=95s
[2025-12-11 18:17:45] Settings – max_chunks=0, max_claims=0, top_k=5
[2025-12-11 18:17:45] Step 1/4 – ingest_youtube() starting.
[2025-12-11 18:17:56] Step 1/4 – ingest_youtube() completed successfully.
[2025-12-11 18:17:56] Using audio_path=C:\Users\lukmaan\Msc_in_AI\FATCR\data\processed\3167bd23_16k_mono.wav (run_id=3167bd23).
[2025-12-11 18:17:56] Step 2/4 – transcribe_audio() starting.
[2025-12-12 09:56:10] Starting one-click analysis for URL: https://www.youtube.com/watch?v=W6qxgznMcnE&t=1s
[2025-12-12 09:56:10] Settings – max_chunks=0, max_claims=0, top_k=5
[2025-12-12 09:56:10] Step 1/4 – ingest_youtube() starting.
[2025-12-12 09:56:22] Step 1/4 – ingest_youtube() completed successfully.
[2025-12-12 09:56:22] Using audio_path=C:\Users\lukmaan\Msc_in_AI\FATCR\data\processed\aea9d6f7_16k_mono.wav (run_id=aea9d6f7).
[2025-12-12 09:56:22] Step 2/4 – transcribe_audio() starting.
[2025-12-12 10:12:31] Starting one-click analysis for URL: https://www.youtube.com/watch?v=W6qxgznMcnE&t=1s
[2025-12-12 10:12:31] Settings – max_chunks=0, max_claims=0, top_k=5
[2025-12-12 10:12:31] Step 1/4 – ingest_youtube() starting.
[2025-12-12 10:12:42] Step 1/4 – ingest_youtube() completed successfully.
[2025-12-12 10:12:42] Using audio_path=C:\Users\lukmaan\Msc_in_AI\FATCR\data\processed\23317f6f_16k_mono.wav (run_id=23317f6f).
[2025-12-12 10:12:42] Step 2/4 – transcribe_audio() starting.
[2025-12-12 10:21:50] Starting one-click analysis for URL: https://youtu.be/3aAY01K4uaM?feature=shared
[2025-12-12 10:21:50] Settings – max_chunks=2, max_claims=5, top_k=5
[2025-12-12 10:21:50] Step 1/4 – ingest_youtube() starting.
[2025-12-12 10:21:58] Step 1/4 – ingest_youtube() completed successfully.
[2025-12-12 10:21:58] Using audio_path=C:\Users\lukmaan\Msc_in_AI\FATCR\data\processed\2ae7ec47_16k_mono.wav (run_id=2ae7ec47).
[2025-12-12 10:21:58] Step 2/4 – transcribe_audio() starting.
[2025-12-12 10:26:35] Step 2/4 – transcription complete: 31 utterances, duration=107.43875s.
[2025-12-12 10:26:35] Step 3/4 – extract_claims() starting (max_chunks=2).
[2025-12-12 10:26:48] Step 3/4 – extract_claims() complete: 7 claims, chunks=1.
[2025-12-12 10:26:48] Step 4/4 – verify_claims() starting (max_claims=5, top_k=5).
[2025-12-12 10:27:12] Step 4/4 – verify_claims() complete: 5 verifications.
[2025-12-12 10:27:12] One-click analysis finished successfully.
[2025-12-12 11:02:28] Step 2/4 – transcription complete: 754 utterances, duration=1155.6339375s.
[2025-12-12 11:02:28] Step 3/4 – extract_claims() starting (max_chunks=None).
[2025-12-12 11:04:02] Step 3/4 – extract_claims() complete: 89 claims, chunks=12.
[2025-12-12 11:04:02] Step 4/4 – verify_claims() starting (max_claims=None, top_k=5).
[2025-12-12 11:09:11] Step 4/4 – verify_claims() complete: 89 verifications.
[2025-12-12 11:09:11] One-click analysis finished successfully.
[2025-12-12 11:32:39] Starting one-click analysis for URL: https://youtu.be/jxtG9WvPdf0
[2025-12-12 11:32:39] Settings – max_chunks=2, max_claims=5, top_k=5
[2025-12-12 11:32:39] Step 1/4 – ingest_youtube() starting.
[2025-12-12 11:32:48] Step 1/4 – ingest_youtube() completed successfully.
[2025-12-12 11:32:48] Using audio_path=C:\Users\lukmaan\Msc_in_AI\FATCR\data\processed\7acb519e_16k_mono.wav (run_id=7acb519e).
[2025-12-12 11:32:48] Step 2/4 – transcribe_audio() starting.
[2025-12-12 11:39:09] Starting one-click analysis for URL: for the demo try this short video:https://youtu.be/jxtG9WvPdf0
[2025-12-12 11:39:09] Settings – max_chunks=2, max_claims=5, top_k=5
[2025-12-12 11:39:09] Step 1/4 – ingest_youtube() starting.
[2025-12-12 11:39:09] Error during ingest: [0;31mERROR:[0m [generic] 'for the demo try this short video:https://youtu.be/jxtG9WvPdf0' is not a valid URL
[2025-12-12 11:39:09] One-click analysis finished with ERRORS.
[2025-12-12 11:40:29] Starting one-click analysis for URL: https://youtu.be/jxtG9WvPdf0
[2025-12-12 11:40:29] Settings – max_chunks=2, max_claims=5, top_k=5
[2025-12-12 11:40:29] Step 1/4 – ingest_youtube() starting.
[2025-12-12 11:40:38] Step 1/4 – ingest_youtube() completed successfully.
[2025-12-12 11:40:38] Using audio_path=C:\Users\lukmaan\Msc_in_AI\FATCR\data\processed\1de4c66f_16k_mono.wav (run_id=1de4c66f).
[2025-12-12 11:40:38] Step 2/4 – transcribe_audio() starting.
[2025-12-12 11:41:04] Step 2/4 – transcription complete: 45 utterances, duration=120.4186875s.
[2025-12-12 11:41:04] Step 3/4 – extract_claims() starting (max_chunks=2).
[2025-12-12 11:41:14] Step 3/4 – extract_claims() complete: 9 claims, chunks=1.
[2025-12-12 11:41:14] Step 4/4 – verify_claims() starting (max_claims=5, top_k=5).
[2025-12-12 11:41:40] Step 4/4 – verify_claims() complete: 5 verifications.
[2025-12-12 11:41:40] One-click analysis finished successfully.
[2025-12-13 13:49:29] Starting one-click analysis for URL: https://youtu.be/jxtG9WvPdf0
[2025-12-13 13:49:29] Settings – max_chunks=2, max_claims=5, top_k=5
[2025-12-13 13:49:29] Step 1/4 – ingest_youtube() starting.
[2025-12-13 13:49:55] Step 1/4 – ingest_youtube() completed successfully.
[2025-12-13 13:49:55] Using audio_path=C:\Users\lukmaan\Msc_in_AI\FATCR\data\processed\9de0fb51_16k_mono.wav (run_id=9de0fb51).
[2025-12-13 13:49:55] Step 2/4 – transcribe_audio() starting.
[2025-12-13 13:58:58] Starting one-click analysis for URL: https://youtu.be/jxtG9WvPdf0
[2025-12-13 13:58:58] Settings – max_chunks=2, max_claims=5, top_k=5
[2025-12-13 13:58:58] Step 1/4 – ingest_youtube() starting.
[2025-12-13 13:59:49] Error during ingest: [0;31mERROR:[0m [download] Got error: HTTPSConnectionPool(host='rr4---sn-aigzrn7z.googlevideo.com', port=443): Read timed out. (read timeout=20.0)
[2025-12-13 13:59:49] One-click analysis finished with ERRORS.
[2025-12-13 14:04:48] Starting one-click analysis for URL: https://youtu.be/jxtG9WvPdf0
[2025-12-13 14:04:48] Settings – max_chunks=2, max_claims=5, top_k=5
[2025-12-13 14:04:48] Step 1/4 – ingest_youtube() starting.
[2025-12-13 14:04:58] Step 1/4 – ingest_youtube() completed successfully.
[2025-12-13 14:04:58] Using audio_path=C:\Users\lukmaan\Msc_in_AI\FATCR\data\processed\56efe1de_16k_mono.wav (run_id=56efe1de).
[2025-12-13 14:04:58] Step 2/4 – transcribe_audio() starting.
[2025-12-13 14:19:42] Step 2/4 – transcription complete: 65 utterances, duration=120.4186875s.
[2025-12-13 14:19:42] Step 3/4 – extract_claims() starting (max_chunks=2).
[2025-12-13 14:19:52] Step 3/4 – extract_claims() complete: 8 claims, chunks=2.
[2025-12-13 14:19:52] Step 4/4 – verify_claims() starting (max_claims=5, top_k=5).
[2025-12-13 14:20:26] Step 4/4 – verify_claims() complete: 5 verifications.
[2025-12-13 14:20:26] One-click analysis finished successfully.
[2025-12-14 17:04:45] Starting one-click analysis for URL: https://youtube.com/shorts/PpvjOZ6BXL8?si=kjoV6VoHr2RNL7yq
[2025-12-14 17:04:45] Settings – max_chunks=0, max_claims=0, top_k=5
[2025-12-14 17:04:45] Step 1/4 – ingest_youtube() starting.
[2025-12-14 17:04:53] Step 1/4 – ingest_youtube() completed successfully.
[2025-12-14 17:04:53] Using audio_path=C:\Users\lukmaan\Msc_in_AI\FATCR\data\processed\bf5912c3_16k_mono.wav (run_id=bf5912c3).
[2025-12-14 17:04:53] Step 2/4 – transcribe_audio() starting.
[2025-12-14 17:12:15] Starting one-click analysis for URL: https://youtube.com/shorts/PpvjOZ6BXL8?si=kjoV6VoHr2RNL7yq
[2025-12-14 17:12:15] Settings – max_chunks=0, max_claims=0, top_k=5
[2025-12-14 17:12:15] Step 1/4 – ingest_youtube() starting.
[2025-12-14 17:12:24] Step 1/4 – ingest_youtube() completed successfully.
[2025-12-14 17:12:24] Using audio_path=C:\Users\lukmaan\Msc_in_AI\FATCR\data\processed\1fbed232_16k_mono.wav (run_id=1fbed232).
[2025-12-14 17:12:24] Step 2/4 – transcribe_audio() starting.
[2025-12-14 17:17:51] Starting one-click analysis for URL: https://youtube.com/shorts/PpvjOZ6BXL8?si=kjoV6VoHr2RNL7yq
[2025-12-14 17:17:51] Settings – max_chunks=0, max_claims=0, top_k=5
[2025-12-14 17:17:51] Step 1/4 – ingest_youtube() starting.
[2025-12-14 17:18:00] Step 1/4 – ingest_youtube() completed successfully.
[2025-12-14 17:18:00] Using audio_path=C:\Users\lukmaan\Msc_in_AI\FATCR\data\processed\da977d1a_16k_mono.wav (run_id=da977d1a).
[2025-12-14 17:18:00] Step 2/4 – transcribe_audio() starting.
[2025-12-14 17:25:14] Starting one-click analysis for URL: https://youtube.com/shorts/PpvjOZ6BXL8?si=kjoV6VoHr2RNL7yq
[2025-12-14 17:25:14] Settings – max_chunks=0, max_claims=0, top_k=5
[2025-12-14 17:25:14] Step 1/4 – ingest_youtube() starting.
[2025-12-14 17:25:22] Step 1/4 – ingest_youtube() completed successfully.
[2025-12-14 17:25:22] Using audio_path=C:\Users\lukmaan\Msc_in_AI\FATCR\data\processed\e449d4a3_16k_mono.wav (run_id=e449d4a3).
[2025-12-14 17:25:22] Step 2/4 – transcribe_audio() starting.
[2025-12-14 17:33:36] Starting one-click analysis for URL: https://youtu.be/PpvjOZ6BXL8
[2025-12-14 17:33:36] Settings – max_chunks=0, max_claims=0, top_k=5
[2025-12-14 17:33:36] Step 1/4 – ingest_youtube() starting.
[2025-12-14 17:33:44] Step 1/4 – ingest_youtube() completed successfully.
[2025-12-14 17:33:44] Using audio_path=C:\Users\lukmaan\Msc_in_AI\FATCR\data\processed\56e1ac24_16k_mono.wav (run_id=56e1ac24).
[2025-12-14 17:33:44] Step 2/4 – transcribe_audio() starting.
[2025-12-14 19:23:18] Starting one-click analysis for URL: https://www.youtube.com/watch?v=PpvjOZ6BXL8&t=1s
[2025-12-14 19:23:18] Settings – max_chunks=0, max_claims=0, top_k=5
[2025-12-14 19:23:18] Step 1/4 – ingest_youtube() starting.
[2025-12-14 19:23:27] Step 1/4 – ingest_youtube() completed successfully.
[2025-12-14 19:23:27] Using audio_path=C:\Users\lukmaan\Msc_in_AI\FATCR\data\processed\1a14c0b1_16k_mono.wav (run_id=1a14c0b1).
[2025-12-14 19:23:27] Step 2/4 – transcribe_audio() starting.
[2025-12-14 19:29:13] Step 2/4 – transcription complete: 60 utterances, duration=158.53425s.
[2025-12-14 19:29:13] Step 3/4 – extract_claims() starting (max_chunks=None).
[2025-12-14 19:29:25] Step 3/4 – extract_claims() complete: 9 claims, chunks=2.
[2025-12-14 19:29:25] Step 4/4 – verify_claims() starting (max_claims=None, top_k=5).
[2025-12-14 19:30:03] Step 4/4 – verify_claims() complete: 9 verifications.
[2025-12-14 19:30:03] One-click analysis finished successfully.
